<?xml version="1.0" encoding="UTF-8"?>
<testsuite xmlns:xsi="http://www.w3.org/2001/XMLSchema-instance" xsi:noNamespaceSchemaLocation="https://maven.apache.org/surefire/maven-surefire-plugin/xsd/surefire-test-report-3.0.xsd" version="3.0" name="edu.gorilas.YatzyTest" time="0.244" tests="15" errors="0" skipped="0" failures="0">
  <properties>
[...]
</properties>
  <testcase name="chance_scores_sum_of_all_dice" classname="edu.gorilas.YatzyTest" time="0.131"/>
  <testcase name="fullHouse" classname="edu.gorilas.YatzyTest" time="0.004"/>
  <testcase name="test_1s" classname="edu.gorilas.YatzyTest" time="0.005"/>
  <testcase name="test_2s" classname="edu.gorilas.YatzyTest" time="0.002"/>
  <testcase name="smallStraight" classname="edu.gorilas.YatzyTest" time="0.001"/>
  <testcase name="sixes_test" classname="edu.gorilas.YatzyTest" time="0.002"/>
  <testcase name="test_threes" classname="edu.gorilas.YatzyTest" time="0.002"/>
  <testcase name="four_of_a_knd" classname="edu.gorilas.YatzyTest" time="0.002"/>
  <testcase name="fives" classname="edu.gorilas.YatzyTest" time="0.001"/>
  <testcase name="largeStraight" classname="edu.gorilas.YatzyTest" time="0.004"/>
  <testcase name="three_of_a_kind" classname="edu.gorilas.YatzyTest" time="0.002"/>
  <testcase name="yatzy_scores_50" classname="edu.gorilas.YatzyTest" time="0.001"/>
  <testcase name="two_Pair" classname="edu.gorilas.YatzyTest" time="0.001"/>
  <testcase name="fours_test" classname="edu.gorilas.YatzyTest" time="0.002"/>
  <testcase name="one_pair" classname="edu.gorilas.YatzyTest" time="0.003"/>
</testsuite>